00000000 00000000 00000000 00000000 
11111111 11111111 11111111 11111111 
10000000 00000000 00000000 00000000 
01111111 11111111 11111111 11111111 
10000000 00000000 00000000 00000001 
01000101 11111101 10011000 10100010 
00101010 10000110 10001111 01110011 
01100110 10010001 10110111 11000100 
00110000 01111000 00001011 11101100 
01101001 11101100 11000011 10001000 
00010110 00101011 10000001 10111101 
01100100 10110111 11100000 00111000 
01111110 01000110 01100101 01010000 
00100110 10110001 11010110 11101101 
00010111 11111000 11101010 11100000 
01110101 00111011 00001000 01100011 
01100010 01011100 01001110 00001110 
00111001 10011110 11000001 00010011 
00011001 00011010 01100110 01001010 
00101100 01110010 10010110 11000001 
00110000 00100010 00000000 00101000 
01001111 11010010 00010001 01000101 
01011101 10111001 11011011 01101000 
01101100 11111000 11101011 10100101 
01000001 01110000 00100110 11001101 
01001010 01110100 01111110 11101101 
00111100 00110000 01000100 00001010 
01011011 01101010 11110111 00000000 
00100100 01001001 11101100 11111010 
00011010 11111010 10100011 01101110 
00001111 10100100 00100010 11001100 
01110101 00100101 10101100 10000111 
00000110 11010011 10110010 11000000 
00110110 01110010 11001011 11101100 
00000001 00001000 01011100 10100111 
01110111 11000011 11010011 00011001 
01111100 01110000 01100100 10001111 
00101011 10001110 11101100 00011011 
01011110 01010101 10001010 11011101 
00101100 11101000 01110000 01111011 
00010101 01111011 10101111 10100011 
01110100 10000001 00001100 10011010 
00010001 10100000 01010000 10110100 
00010011 11000010 00010100 11110011 
00011011 00110010 11100011 10000111 
00101001 10011001 00111011 10010100 
00001000 11111101 00011101 01010110 
01111101 10001111 00110001 10010101 
01100011 00110111 11111100 10100111 
00100010 00010111 10000011 10100000 
11010101 11111110 00110111 10101001 
11101100 10100110 00000011 00110001 
10001110 00010110 01101011 00011010 
11111000 01000100 01011100 01000001 
11111111 10101101 00010111 10001100 
11001100 10100110 01000100 01001101 
10101101 11001111 11011101 01010100 
11000011 01111100 11010011 10000010 
11110001 00111011 01001101 01001100 
10001001 10000101 11110000 01011010 
10101000 10000010 00110000 00010011 
11100001 10010111 00101010 10000000 
10010100 01100000 01000011 11010011 
10100001 10101110 01111101 01010011 
10101011 00100100 01011110 10010100 
10010011 01010111 11100111 00101011 
10101001 11101010 10101010 00111010 
10101110 10110011 11111010 00000101 
11100111 11001000 11111011 00010000 
11001011 10010101 00011111 01011101 
10000001 11001011 10001001 10001001 
11010010 01001101 01001011 01101101 
11010111 00010100 00010010 11000011 
11110000 00101011 00111000 11010101 
10111110 10001011 00110110 01111010 
10111011 11100001 00101111 00111100 
11000110 10010001 11111101 01000001 
10110101 10001110 00011001 00100100 
10111110 01010001 11111101 10100110 
11100011 01011010 00000000 10011010 
10010011 01110110 10010101 10000100 
10010100 01010000 00110101 01001111 
11010000 00000000 00000011 11001011 
10100001 10001101 00000000 10011110 
10001100 10010100 10010001 10010000 
11001111 10101101 00011011 01010110 
11101110 00110011 01000100 11101010 
10111010 01100100 01101110 11100100 
10010011 00101001 11101110 11011000 
11011111 01101110 10010010 00110110 
11000011 11101010 01011111 00111101 
10111011 10101100 00011110 11101011 
11000001 00000101 10111100 10110110 
11011000 01001010 10100011 00010000 
11011101 01011010 10011100 00111101 
11101100 00101010 00011011 01001010 
11101011 10100010 10001010 00111011 
10000111 01000101 01000110 01110111 
10011010 11011110 00010101 01001110 
11010011 01101011 10000101 01001011 
